c:\users\class\dropbox\private\khu\lectures\swcon311 게임그래픽프로그래밍\working\code\homework 2 solution\litcolumns\x64\debug\vc145.pdb
c:\users\class\dropbox\private\khu\lectures\swcon311 게임그래픽프로그래밍\working\code\homework 2 solution\litcolumns\x64\debug\vc145.idb
c:\users\class\dropbox\private\khu\lectures\swcon311 게임그래픽프로그래밍\working\code\homework 2 solution\litcolumns\x64\debug\mathhelper.obj
c:\users\class\dropbox\private\khu\lectures\swcon311 게임그래픽프로그래밍\working\code\homework 2 solution\litcolumns\x64\debug\geometrygenerator.obj
c:\users\class\dropbox\private\khu\lectures\swcon311 게임그래픽프로그래밍\working\code\homework 2 solution\litcolumns\x64\debug\gametimer.obj
c:\users\class\dropbox\private\khu\lectures\swcon311 게임그래픽프로그래밍\working\code\homework 2 solution\litcolumns\x64\debug\d3dutil.obj
c:\users\class\dropbox\private\khu\lectures\swcon311 게임그래픽프로그래밍\working\code\homework 2 solution\litcolumns\x64\debug\d3dapp.obj
c:\users\class\dropbox\private\khu\lectures\swcon311 게임그래픽프로그래밍\working\code\homework 2 solution\litcolumns\x64\debug\litcolumnsapp.obj
c:\users\class\dropbox\private\khu\lectures\swcon311 게임그래픽프로그래밍\working\code\homework 2 solution\litcolumns\x64\debug\frameresource.obj
c:\users\class\dropbox\private\khu\lectures\swcon311 게임그래픽프로그래밍\working\code\homework 2 solution\x64\debug\litcolumns.exe
c:\users\class\dropbox\private\khu\lectures\swcon311 게임그래픽프로그래밍\working\code\homework 2 solution\x64\debug\litcolumns.pdb
c:\users\class\dropbox\private\khu\lectures\swcon311 게임그래픽프로그래밍\working\code\homework 2 solution\litcolumns\x64\debug\litcolumns.ilk
c:\users\class\dropbox\private\khu\lectures\swcon311 게임그래픽프로그래밍\working\code\homework 2\litcolumns\x64\debug\d3dapp.obj
c:\users\class\dropbox\private\khu\lectures\swcon311 게임그래픽프로그래밍\working\code\homework 2\litcolumns\x64\debug\d3dutil.obj
c:\users\class\dropbox\private\khu\lectures\swcon311 게임그래픽프로그래밍\working\code\homework 2\litcolumns\x64\debug\frameresource.obj
c:\users\class\dropbox\private\khu\lectures\swcon311 게임그래픽프로그래밍\working\code\homework 2\litcolumns\x64\debug\gametimer.obj
c:\users\class\dropbox\private\khu\lectures\swcon311 게임그래픽프로그래밍\working\code\homework 2\litcolumns\x64\debug\geometrygenerator.obj
c:\users\class\dropbox\private\khu\lectures\swcon311 게임그래픽프로그래밍\working\code\homework 2\litcolumns\x64\debug\litcolumnsapp.obj
c:\users\class\dropbox\private\khu\lectures\swcon311 게임그래픽프로그래밍\working\code\homework 2\litcolumns\x64\debug\mathhelper.obj
c:\users\class\dropbox\private\khu\lectures\swcon311 게임그래픽프로그래밍\working\code\homework 2\litcolumns\x64\debug\litcolumns.ilk
c:\users\class\dropbox\private\khu\lectures\swcon311 게임그래픽프로그래밍\working\code\homework 2\litcolumns\x64\debug\vc145.idb
c:\users\class\dropbox\private\khu\lectures\swcon311 게임그래픽프로그래밍\working\code\homework 2\litcolumns\x64\debug\vc145.pdb
c:\users\class\dropbox\private\khu\lectures\swcon311 게임그래픽프로그래밍\working\code\homework 2\x64\debug\litcolumns.pdb
c:\users\class\dropbox\private\khu\lectures\swcon311 게임그래픽프로그래밍\working\code\homework 2\x64\debug\litcolumns.exe
c:\users\class\dropbox\private\khu\lectures\swcon311 게임그래픽프로그래밍\working\code\homework 2\litcolumns\x64\debug\litcolumns.tlog\cl.command.1.tlog
c:\users\class\dropbox\private\khu\lectures\swcon311 게임그래픽프로그래밍\working\code\homework 2\litcolumns\x64\debug\litcolumns.tlog\cl.items.tlog
c:\users\class\dropbox\private\khu\lectures\swcon311 게임그래픽프로그래밍\working\code\homework 2\litcolumns\x64\debug\litcolumns.tlog\cl.read.1.tlog
c:\users\class\dropbox\private\khu\lectures\swcon311 게임그래픽프로그래밍\working\code\homework 2\litcolumns\x64\debug\litcolumns.tlog\cl.write.1.tlog
c:\users\class\dropbox\private\khu\lectures\swcon311 게임그래픽프로그래밍\working\code\homework 2\litcolumns\x64\debug\litcolumns.tlog\link.command.1.tlog
c:\users\class\dropbox\private\khu\lectures\swcon311 게임그래픽프로그래밍\working\code\homework 2\litcolumns\x64\debug\litcolumns.tlog\link.read.1.tlog
c:\users\class\dropbox\private\khu\lectures\swcon311 게임그래픽프로그래밍\working\code\homework 2\litcolumns\x64\debug\litcolumns.tlog\link.secondary.1.tlog
c:\users\class\dropbox\private\khu\lectures\swcon311 게임그래픽프로그래밍\working\code\homework 2\litcolumns\x64\debug\litcolumns.tlog\link.write.1.tlog
